<?xml version="1.0" encoding="UTF-8"?>
<testng-results skipped="0" failed="0" ignored="0" total="2" passed="2">
  <reporter-output>
  </reporter-output>
  <suite name="Default suite" duration-ms="22044" started-at="2019-03-28T16:21:58Z" finished-at="2019-03-28T16:22:20Z">
    <groups>
    </groups>
    <test name="Default test" duration-ms="22044" started-at="2019-03-28T16:21:58Z" finished-at="2019-03-28T16:22:20Z">
      <class name="com.crm.testcases.LoginPageTest">
        <test-method status="PASS" signature="setUp()[pri:0, instance:com.crm.testcases.LoginPageTest@3532ec19]" name="setUp" is-config="true" duration-ms="6538" started-at="2019-03-28T16:21:58Z" finished-at="2019-03-28T16:22:05Z">
          <reporter-output>
          </reporter-output>
        </test-method> <!-- setUp -->
        <test-method status="PASS" signature="loginPageTitleTest()[pri:1, instance:com.crm.testcases.LoginPageTest@3532ec19]" name="loginPageTitleTest" duration-ms="58" started-at="2019-03-28T16:22:05Z" finished-at="2019-03-28T16:22:05Z">
          <reporter-output>
          </reporter-output>
        </test-method> <!-- loginPageTitleTest -->
        <test-method status="PASS" signature="tearDown()[pri:0, instance:com.crm.testcases.LoginPageTest@3532ec19]" name="tearDown" is-config="true" duration-ms="2695" started-at="2019-03-28T16:22:05Z" finished-at="2019-03-28T16:22:08Z">
          <reporter-output>
          </reporter-output>
        </test-method> <!-- tearDown -->
        <test-method status="PASS" signature="setUp()[pri:0, instance:com.crm.testcases.LoginPageTest@3532ec19]" name="setUp" is-config="true" duration-ms="5499" started-at="2019-03-28T16:22:08Z" finished-at="2019-03-28T16:22:13Z">
          <reporter-output>
          </reporter-output>
        </test-method> <!-- setUp -->
        <test-method status="PASS" signature="loginTest()[pri:2, instance:com.crm.testcases.LoginPageTest@3532ec19]" name="loginTest" duration-ms="4477" started-at="2019-03-28T16:22:13Z" finished-at="2019-03-28T16:22:18Z">
          <reporter-output>
          </reporter-output>
        </test-method> <!-- loginTest -->
        <test-method status="PASS" signature="tearDown()[pri:0, instance:com.crm.testcases.LoginPageTest@3532ec19]" name="tearDown" is-config="true" duration-ms="2753" started-at="2019-03-28T16:22:18Z" finished-at="2019-03-28T16:22:20Z">
          <reporter-output>
          </reporter-output>
        </test-method> <!-- tearDown -->
      </class> <!-- com.crm.testcases.LoginPageTest -->
    </test> <!-- Default test -->
  </suite> <!-- Default suite -->
</testng-results>
